生成启动时间为 2021/4/15 14:13:02。
     1>项目“F:\_Study\计网课设\1\Server\Server\Server.vcxproj”在节点 2 上(build 个目标)。
     1>InitializeBuildStatus:
         正在创建“Debug\Server.unsuccessfulbuild”，因为已指定“AlwaysCreate”。
       ClCompile:
         所有输出均为最新。
         F:\vs\VS2010\VC\bin\CL.exe /c /ZI /nologo /W3 /WX- /Od /Oy- /D WIN32 /D _DEBUG /D _CONSOLE /D _UNICODE /D UNICODE /Gm /EHsc /RTC1 /MDd /GS /fp:precise /Zc:wchar_t /Zc:forScope /Yu"StdAfx.h" /Fp"Debug\Server.pch" /Fo"Debug\\" /Fd"Debug\vc100.pdb" /Gd /TP /analyze- /errorReport:prompt Socket.cpp
         Socket.cpp
       ManifestResourceCompile:
         所有输出均为最新。
       Link:
         F:\vs\VS2010\VC\bin\link.exe /ERRORREPORT:PROMPT /OUT:"F:\_Study\计网课设\1\Server\Debug\Server.exe" /INCREMENTAL /NOLOGO kernel32.lib user32.lib gdi32.lib winspool.lib comdlg32.lib advapi32.lib shell32.lib ole32.lib oleaut32.lib uuid.lib odbc32.lib odbccp32.lib /MANIFEST /ManifestFile:"Debug\Server.exe.intermediate.manifest" /MANIFESTUAC:"level='asInvoker' uiAccess='false'" /DEBUG /PDB:"F:\_Study\计网课设\1\Server\Debug\Server.pdb" /SUBSYSTEM:CONSOLE /TLBID:1 /DYNAMICBASE /NXCOMPAT /IMPLIB:"F:\_Study\计网课设\1\Server\Debug\Server.lib" /MACHINE:X86 Debug\Server.exe.embed.manifest.res
         Debug\Server.obj
         Debug\Socket.obj
         Debug\stdafx.obj
       Manifest:
         C:\Program Files (x86)\Microsoft SDKs\Windows\v7.0A\bin\mt.exe /nologo /verbose /out:"Debug\Server.exe.embed.manifest" /manifest Debug\Server.exe.intermediate.manifest
         所有输出均为最新。
       LinkEmbedManifest:
         所有输出均为最新。
         Server.vcxproj -> F:\_Study\计网课设\1\Server\Debug\Server.exe
       FinalizeBuildStatus:
         正在删除文件“Debug\Server.unsuccessfulbuild”。
         正在对“Debug\Server.lastbuildstate”执行 Touch 任务。
     1>已完成生成项目“F:\_Study\计网课设\1\Server\Server\Server.vcxproj”(build 个目标)的操作。

生成成功。

已用时间 00:00:01.40
